<?xml version="1.0" encoding="UTF-8"?>
<!-- Generated by org.testng.reporters.JUnitReportReporter -->
<testsuite hostname="DESKTOP-6AAKI0P" failures="0" tests="2" name="com.testng.annotations.SimpleAnnotations" time="0.024" errors="0" timestamp="2021-10-19T13:20:35 IST" skipped="0">
  <testcase classname="com.testng.annotations.SimpleAnnotations" name="searchLaptop" time="0.020"/>
  <testcase classname="com.testng.annotations.SimpleAnnotations" name="searchWatch" time="0.004"/>
</testsuite> <!-- com.testng.annotations.SimpleAnnotations -->
