<?xml version="1.0" encoding="UTF-8"?>
<!-- Generated by org.testng.reporters.JUnitReportReporter -->
<testsuite hostname="DESKTOP-6AAKI0P" failures="0" tests="5" name="com.testng.annotations.PriorityTest" time="0.078" errors="0" timestamp="2021-10-26T14:01:19 IST" skipped="0">
  <testcase classname="com.testng.annotations.PriorityTest" name="searchTable" time="0.053"/>
  <testcase classname="com.testng.annotations.PriorityTest" name="searchWatch" time="0.007"/>
  <testcase classname="com.testng.annotations.PriorityTest" name="searchMobile" time="0.004"/>
  <testcase classname="com.testng.annotations.PriorityTest" name="searchAirpods" time="0.003"/>
  <testcase classname="com.testng.annotations.PriorityTest" name="searchLaptop" time="0.011"/>
</testsuite> <!-- com.testng.annotations.PriorityTest -->
